<?xml version="1.0" encoding="UTF-8"?>
<!-- Generated by org.testng.reporters.JUnitReportReporter -->
<testsuite hostname="LAPTOP-MEGAJEV2" failures="0" tests="1" name="Runner.careSupremeRunner" time="5.238" errors="0" timestamp="2024-05-21T22:59:09 IST" skipped="0">
  <testcase classname="Runner.careSupremeRunner" name="runScenario" time="5.238"/>
</testsuite> <!-- Runner.careSupremeRunner -->
